app/build/outputs/logs/manifest-merger-debug-report.txt
-- Merging decision tree log ---
manifest
ADDED from src\main\AndroidManifest.xml:8:1-69:12
INJECTED from src\main\AndroidManifest.xml:8:1-69:12
INJECTED from src\main\AndroidManifest.xml:8:1-69:12
INJECTED from src\main\AndroidManifest.xml:8:1-69:12
MERGED from [:views] AndroidManifest.xml:9:1-19:12
MERGED from [:camera] AndroidManifest.xml:9:1-19:12
MERGED from [:chipcloud] AndroidManifest.xml:2:1-17:12
MERGED from [:compressor] AndroidManifest.xml:9:1-19:12
MERGED from [:editor] AndroidManifest.xml:2:1-23:12
MERGED from [:filters] AndroidManifest.xml:9:1-19:12
MERGED from [:logging] AndroidManifest.xml:9:1-19:12
MERGED from [com.jaeger.statusbarutil:library:1.4.0] AndroidManifest.xml:2:1-13:12
MERGED from [com.android.support:design:27.0.2] AndroidManifest.xml:17:1-22:12
MERGED from [com.android.support:appcompat-v7:27.0.2] AndroidManifest.xml:17:1-22:12
MERGED from [com.android.support:palette-v7:27.0.2] AndroidManifest.xml:17:1-22:12
MERGED from [com.jakewharton:butterknife:8.5.1] AndroidManifest.xml:2:1-7:12
MERGED from [com.github.jaychang0917:SimpleRecyclerView:1.2.3] AndroidManifest.xml:2:1-12:12
MERGED from [com.google.android:flexbox:0.3.1] AndroidManifest.xml:17:1-27:12
MERGED from [com.wang.avi:library:2.1.3] AndroidManifest.xml:2:1-11:12
MERGED from [com.github.anthonyngure:ToshBaseCode:-SNAPSHOT] AndroidManifest.xml:9:1-27:12
MERGED from [:showcase] AndroidManifest.xml:9:1-19:12
MERGED from [com.android.support:cardview-v7:27.0.2] AndroidManifest.xml:17:1-22:12
MERGED from [com.android.support:support-v4:27.0.2] AndroidManifest.xml:17:1-22:12
MERGED from [com.android.support:support-fragment:27.0.2] AndroidManifest.xml:17:1-22:12
MERGED from [com.android.support:support-core-utils:27.0.2] AndroidManifest.xml:17:1-22:12
MERGED from [com.android.support:recyclerview-v7:27.0.2] AndroidManifest.xml:17:1-22:12
MERGED from [com.android.support:animated-vector-drawable:27.0.2] AndroidManifest.xml:17:1-22:12
MERGED from [com.android.support:support-core-ui:27.0.2] AndroidManifest.xml:17:1-22:12
MERGED from [com.android.support:support-vector-drawable:27.0.2] AndroidManifest.xml:17:1-22:12
MERGED from [com.android.support:transition:27.0.2] AndroidManifest.xml:17:1-22:12
MERGED from [com.android.support:support-media-compat:27.0.2] AndroidManifest.xml:17:1-22:12
MERGED from [com.android.support:support-compat:27.0.2] AndroidManifest.xml:17:1-22:12
MERGED from [android.arch.lifecycle:runtime:1.0.3] AndroidManifest.xml:17:1-24:12
INJECTED from src\main\AndroidManifest.xml:8:1-69:12
INJECTED from src\main\AndroidManifest.xml:8:1-69:12
INJECTED from src\main\AndroidManifest.xml:8:1-69:12
	package
		ADDED from src\main\AndroidManifest.xml:9:5-35
		INJECTED from src\main\AndroidManifest.xml
		INJECTED from src\main\AndroidManifest.xml
	android:versionName
		INJECTED from src\main\AndroidManifest.xml
		ADDED from src\main\AndroidManifest.xml:8:1-69:12
		INJECTED from src\main\AndroidManifest.xml
	android:versionCode
		INJECTED from src\main\AndroidManifest.xml
		ADDED from src\main\AndroidManifest.xml:8:1-69:12
		INJECTED from src\main\AndroidManifest.xml
	xmlns:android
		ADDED from src\main\AndroidManifest.xml:8:11-69
uses-permission#android.permission.INTERNET
ADDED from src\main\AndroidManifest.xml:11:5-67
MERGED from [:editor] AndroidManifest.xml:12:5-67
MERGED from [:editor] AndroidManifest.xml:12:5-67
	android:name
		ADDED from src\main\AndroidManifest.xml:11:22-64
application
ADDED from src\main\AndroidManifest.xml:13:5-67:19
MERGED from [:chipcloud] AndroidManifest.xml:11:5-15:19
MERGED from [:chipcloud] AndroidManifest.xml:11:5-15:19
MERGED from [:editor] AndroidManifest.xml:14:5-21:19
MERGED from [:editor] AndroidManifest.xml:14:5-21:19
MERGED from [com.jaeger.statusbarutil:library:1.4.0] AndroidManifest.xml:11:5-20
MERGED from [com.jaeger.statusbarutil:library:1.4.0] AndroidManifest.xml:11:5-20
MERGED from [com.github.anthonyngure:ToshBaseCode:-SNAPSHOT] AndroidManifest.xml:21:5-25:19
MERGED from [com.github.anthonyngure:ToshBaseCode:-SNAPSHOT] AndroidManifest.xml:21:5-25:19
	android:supportsRtl
		ADDED from src\main\AndroidManifest.xml:19:9-35
	android:label
		ADDED from src\main\AndroidManifest.xml:17:9-41
	android:roundIcon
		ADDED from src\main\AndroidManifest.xml:18:9-54
	android:icon
		ADDED from src\main\AndroidManifest.xml:16:9-43
	android:allowBackup
		ADDED from src\main\AndroidManifest.xml:15:9-35
	android:theme
		ADDED from src\main\AndroidManifest.xml:20:9-40
	android:name
		ADDED from src\main\AndroidManifest.xml:14:9-48
activity#ke.co.toshngure.demo.activity.MainActivity
ADDED from src\main\AndroidManifest.xml:21:9-30:20
	android:label
		ADDED from src\main\AndroidManifest.xml:23:13-45
	android:theme
		ADDED from src\main\AndroidManifest.xml:24:13-56
	android:name
		ADDED from src\main\AndroidManifest.xml:22:13-70
intent-filter#android.intent.action.MAIN+android.intent.category.LAUNCHER
ADDED from src\main\AndroidManifest.xml:25:13-29:29
action#android.intent.action.MAIN
ADDED from src\main\AndroidManifest.xml:26:17-69
	android:name
		ADDED from src\main\AndroidManifest.xml:26:25-66
category#android.intent.category.LAUNCHER
ADDED from src\main\AndroidManifest.xml:28:17-77
	android:name
		ADDED from src\main\AndroidManifest.xml:28:27-74
activity#ke.co.toshngure.demo.activity.BasicActivity
ADDED from src\main\AndroidManifest.xml:31:9-39:20
	android:parentActivityName
		ADDED from src\main\AndroidManifest.xml:34:13-84
	android:label
		ADDED from src\main\AndroidManifest.xml:33:13-57
	android:theme
		ADDED from src\main\AndroidManifest.xml:35:13-56
	android:name
		ADDED from src\main\AndroidManifest.xml:32:13-71
meta-data#android.support.PARENT_ACTIVITY
ADDED from src\main\AndroidManifest.xml:36:13-38:78
	android:value
		ADDED from src\main\AndroidManifest.xml:38:17-75
	android:name
		ADDED from src\main\AndroidManifest.xml:37:17-63
activity#ke.co.toshngure.demo.activity.DataLoadingActivity
ADDED from src\main\AndroidManifest.xml:40:9-48:20
	android:parentActivityName
		ADDED from src\main\AndroidManifest.xml:43:13-84
	android:label
		ADDED from src\main\AndroidManifest.xml:42:13-64
	android:theme
		ADDED from src\main\AndroidManifest.xml:44:13-56
	android:name
		ADDED from src\main\AndroidManifest.xml:41:13-77
activity#ke.co.toshngure.demo.activity.DrawableUtilsActivity
ADDED from src\main\AndroidManifest.xml:49:9-57:20
	android:parentActivityName
		ADDED from src\main\AndroidManifest.xml:52:13-84
	android:label
		ADDED from src\main\AndroidManifest.xml:51:13-66
	android:theme
		ADDED from src\main\AndroidManifest.xml:53:13-56
	android:name
		ADDED from src\main\AndroidManifest.xml:50:13-79
activity#ke.co.toshngure.demo.activity.NetworkImageActivity
ADDED from src\main\AndroidManifest.xml:58:9-66:20
	android:parentActivityName
		ADDED from src\main\AndroidManifest.xml:61:13-84
	android:label
		ADDED from src\main\AndroidManifest.xml:60:13-65
	android:theme
		ADDED from src\main\AndroidManifest.xml:62:13-56
	android:name
		ADDED from src\main\AndroidManifest.xml:59:13-78
uses-sdk
INJECTED from src\main\AndroidManifest.xml reason: use-sdk injection requested
INJECTED from src\main\AndroidManifest.xml
INJECTED from src\main\AndroidManifest.xml
MERGED from [:views] AndroidManifest.xml:15:5-17:41
MERGED from [:views] AndroidManifest.xml:15:5-17:41
MERGED from [:camera] AndroidManifest.xml:15:5-17:41
MERGED from [:camera] AndroidManifest.xml:15:5-17:41
MERGED from [:chipcloud] AndroidManifest.xml:7:5-9:41
MERGED from [:chipcloud] AndroidManifest.xml:7:5-9:41
MERGED from [:compressor] AndroidManifest.xml:15:5-17:41
MERGED from [:compressor] AndroidManifest.xml:15:5-17:41
MERGED from [:editor] AndroidManifest.xml:7:5-9:41
MERGED from [:editor] AndroidManifest.xml:7:5-9:41
MERGED from [:filters] AndroidManifest.xml:15:5-17:41
MERGED from [:filters] AndroidManifest.xml:15:5-17:41
MERGED from [:logging] AndroidManifest.xml:15:5-17:41
MERGED from [:logging] AndroidManifest.xml:15:5-17:41
MERGED from [com.jaeger.statusbarutil:library:1.4.0] AndroidManifest.xml:7:5-9:41
MERGED from [com.jaeger.statusbarutil:library:1.4.0] AndroidManifest.xml:7:5-9:41
MERGED from [com.android.support:design:27.0.2] AndroidManifest.xml:20:5-44
MERGED from [com.android.support:design:27.0.2] AndroidManifest.xml:20:5-44
MERGED from [com.android.support:appcompat-v7:27.0.2] AndroidManifest.xml:20:5-44
MERGED from [com.android.support:appcompat-v7:27.0.2] AndroidManifest.xml:20:5-44
MERGED from [com.android.support:palette-v7:27.0.2] AndroidManifest.xml:20:5-44
MERGED from [com.android.support:palette-v7:27.0.2] AndroidManifest.xml:20:5-44
MERGED from [com.jakewharton:butterknife:8.5.1] AndroidManifest.xml:5:5-43
MERGED from [com.jakewharton:butterknife:8.5.1] AndroidManifest.xml:5:5-43
MERGED from [com.github.jaychang0917:SimpleRecyclerView:1.2.3] AndroidManifest.xml:8:5-10:41
MERGED from [com.github.jaychang0917:SimpleRecyclerView:1.2.3] AndroidManifest.xml:8:5-10:41
MERGED from [com.google.android:flexbox:0.3.1] AndroidManifest.xml:23:5-25:41
MERGED from [com.google.android:flexbox:0.3.1] AndroidManifest.xml:23:5-25:41
MERGED from [com.wang.avi:library:2.1.3] AndroidManifest.xml:7:5-9:41
MERGED from [com.wang.avi:library:2.1.3] AndroidManifest.xml:7:5-9:41
MERGED from [com.github.anthonyngure:ToshBaseCode:-SNAPSHOT] AndroidManifest.xml:14:5-16:41
MERGED from [com.github.anthonyngure:ToshBaseCode:-SNAPSHOT] AndroidManifest.xml:14:5-16:41
MERGED from [:showcase] AndroidManifest.xml:15:5-17:41
MERGED from [:showcase] AndroidManifest.xml:15:5-17:41
MERGED from [com.android.support:cardview-v7:27.0.2] AndroidManifest.xml:20:5-44
MERGED from [com.android.support:cardview-v7:27.0.2] AndroidManifest.xml:20:5-44
MERGED from [com.android.support:support-v4:27.0.2] AndroidManifest.xml:20:5-44
MERGED from [com.android.support:support-v4:27.0.2] AndroidManifest.xml:20:5-44
MERGED from [com.android.support:support-fragment:27.0.2] AndroidManifest.xml:20:5-44
MERGED from [com.android.support:support-fragment:27.0.2] AndroidManifest.xml:20:5-44
MERGED from [com.android.support:support-core-utils:27.0.2] AndroidManifest.xml:20:5-44
MERGED from [com.android.support:support-core-utils:27.0.2] AndroidManifest.xml:20:5-44
MERGED from [com.android.support:recyclerview-v7:27.0.2] AndroidManifest.xml:20:5-44
MERGED from [com.android.support:recyclerview-v7:27.0.2] AndroidManifest.xml:20:5-44
MERGED from [com.android.support:animated-vector-drawable:27.0.2] AndroidManifest.xml:20:5-44
MERGED from [com.android.support:animated-vector-drawable:27.0.2] AndroidManifest.xml:20:5-44
MERGED from [com.android.support:support-core-ui:27.0.2] AndroidManifest.xml:20:5-44
MERGED from [com.android.support:support-core-ui:27.0.2] AndroidManifest.xml:20:5-44
MERGED from [com.android.support:support-vector-drawable:27.0.2] AndroidManifest.xml:20:5-44
MERGED from [com.android.support:support-vector-drawable:27.0.2] AndroidManifest.xml:20:5-44
MERGED from [com.android.support:transition:27.0.2] AndroidManifest.xml:20:5-44
MERGED from [com.android.support:transition:27.0.2] AndroidManifest.xml:20:5-44
MERGED from [com.android.support:support-media-compat:27.0.2] AndroidManifest.xml:20:5-44
MERGED from [com.android.support:support-media-compat:27.0.2] AndroidManifest.xml:20:5-44
MERGED from [com.android.support:support-compat:27.0.2] AndroidManifest.xml:20:5-44
MERGED from [com.android.support:support-compat:27.0.2] AndroidManifest.xml:20:5-44
MERGED from [android.arch.lifecycle:runtime:1.0.3] AndroidManifest.xml:20:5-22:41
MERGED from [android.arch.lifecycle:runtime:1.0.3] AndroidManifest.xml:20:5-22:41
INJECTED from src\main\AndroidManifest.xml
INJECTED from src\main\AndroidManifest.xml
	android:targetSdkVersion
		INJECTED from src\main\AndroidManifest.xml
		ADDED from src\main\AndroidManifest.xml
		INJECTED from src\main\AndroidManifest.xml
	android:minSdkVersion
		INJECTED from src\main\AndroidManifest.xml
		ADDED from src\main\AndroidManifest.xml
		INJECTED from src\main\AndroidManifest.xml
uses-permission#android.permission.ACCESS_COARSE_LOCATION
ADDED from [:editor] AndroidManifest.xml:11:5-81
	android:name
		ADDED from [:editor] AndroidManifest.xml:11:22-78
activity#ke.co.toshngure.editor.EditorActivity
ADDED from [:editor] AndroidManifest.xml:17:9-20:59
	android:label
		ADDED from [:editor] AndroidManifest.xml:19:13-58
	android:theme
		ADDED from [:editor] AndroidManifest.xml:20:13-56
	android:name
		ADDED from [:editor] AndroidManifest.xml:18:13-65
uses-permission#android.permission.ACCESS_NETWORK_STATE
ADDED from [com.github.anthonyngure:ToshBaseCode:-SNAPSHOT] AndroidManifest.xml:18:5-79
	android:name
		ADDED from [com.github.anthonyngure:ToshBaseCode:-SNAPSHOT] AndroidManifest.xml:18:22-76
uses-permission#android.permission.CALL_PHONE
ADDED from [com.github.anthonyngure:ToshBaseCode:-SNAPSHOT] AndroidManifest.xml:19:5-69
	android:name
		ADDED from [com.github.anthonyngure:ToshBaseCode:-SNAPSHOT] AndroidManifest.xml:19:22-66